This file contains any messages produced by compilers while
running configure, to aid debugging if configure makes a mistake.

It was created by Rlibeemd configure 1.3.2, which was
generated by GNU Autoconf 2.69.  Invocation command line was

  $ ./configure 

## --------- ##
## Platform. ##
## --------- ##

hostname = wind
uname -m = x86_64
uname -r = 4.18.0-193.el8.x86_64
uname -s = Linux
uname -v = #1 SMP Fri Mar 27 14:35:58 UTC 2020

/usr/bin/uname -p = x86_64
/bin/uname -X     = unknown

/bin/arch              = x86_64
/usr/bin/arch -k       = unknown
/usr/convex/getsysinfo = unknown
/usr/bin/hostinfo      = unknown
/bin/machine           = unknown
/usr/bin/oslevel       = unknown
/bin/universe          = unknown

PATH: /packages/gcc-8.3.1/geos/3.8.1/bin
PATH: /packages/gcc-8.3.1/proj/7.1.0/bin
PATH: /packages/gcc-8.3.1/gdal/3.1.4-jesl6epa3bcl2xrcjhj6muc7cprdyd3g/bin
PATH: /packages/R/4.0.2-pngjpeg/bin
PATH: /usr/share/Modules/bin
PATH: /usr/local/bin
PATH: /usr/bin
PATH: /usr/local/sbin
PATH: /usr/sbin
PATH: /common/bin
PATH: /home/ak2296/bin


## ----------- ##
## Core tests. ##
## ----------- ##

configure:1673: checking for gsl-config
configure:1706: result: no
configure:1717: error: gsl-config not found, is GSL installed?

## ---------------- ##
## Cache variables. ##
## ---------------- ##

ac_cv_env_build_alias_set=
ac_cv_env_build_alias_value=
ac_cv_env_host_alias_set=
ac_cv_env_host_alias_value=
ac_cv_env_target_alias_set=
ac_cv_env_target_alias_value=

## ----------------- ##
## Output variables. ##
## ----------------- ##

DEFS=''
ECHO_C=''
ECHO_N='-n'
ECHO_T=''
GSL_CFLAGS=''
GSL_CONFIG=''
GSL_LIBS=''
LIBOBJS=''
LIBS=''
LTLIBOBJS=''
PACKAGE_BUGREPORT=''
PACKAGE_NAME='Rlibeemd'
PACKAGE_STRING='Rlibeemd 1.3.2'
PACKAGE_TARNAME='rlibeemd'
PACKAGE_URL=''
PACKAGE_VERSION='1.3.2'
PATH_SEPARATOR=':'
SHELL='/bin/sh'
bindir='${exec_prefix}/bin'
build_alias=''
datadir='${datarootdir}'
datarootdir='${prefix}/share'
docdir='${datarootdir}/doc/${PACKAGE_TARNAME}'
dvidir='${docdir}'
exec_prefix='NONE'
host_alias=''
htmldir='${docdir}'
includedir='${prefix}/include'
infodir='${datarootdir}/info'
libdir='${exec_prefix}/lib'
libexecdir='${exec_prefix}/libexec'
localedir='${datarootdir}/locale'
localstatedir='${prefix}/var'
mandir='${datarootdir}/man'
oldincludedir='/usr/include'
pdfdir='${docdir}'
prefix='NONE'
program_transform_name='s,x,x,'
psdir='${docdir}'
sbindir='${exec_prefix}/sbin'
sharedstatedir='${prefix}/com'
sysconfdir='${prefix}/etc'
target_alias=''

## ----------- ##
## confdefs.h. ##
## ----------- ##

/* confdefs.h */
#define PACKAGE_NAME "Rlibeemd"
#define PACKAGE_TARNAME "rlibeemd"
#define PACKAGE_VERSION "1.3.2"
#define PACKAGE_STRING "Rlibeemd 1.3.2"
#define PACKAGE_BUGREPORT ""
#define PACKAGE_URL ""

configure: exit 1
